f:\repos\wanderlust\debug\vc143.pdb
f:\repos\wanderlust\debug\vc143.idb
f:\repos\wanderlust\debug\wanderlust.obj
f:\repos\wanderlust\debug\player.obj
f:\repos\wanderlust\debug\wanderlust.ilk
f:\repos\wanderlust\debug\wanderlust.exe
f:\repos\wanderlust\debug\wanderlust.pdb
f:\repos\wanderlust\debug\sfml-graphics-d-2.dll
f:\repos\wanderlust\debug\sfml-window-d-2.dll
f:\repos\wanderlust\debug\sfml-system-d-2.dll
f:\repos\wanderlust\debug\freetyped.dll
f:\repos\wanderlust\debug\zlibd1.dll
f:\repos\wanderlust\debug\bz2d.dll
f:\repos\wanderlust\debug\libpng16d.dll
f:\repos\wanderlust\debug\brotlidec.dll
f:\repos\wanderlust\debug\brotlicommon.dll
f:\repos\wanderlust\debug\wanderlust.tlog\cl.read.1.tlog
f:\repos\wanderlust\debug\wanderlust.tlog\cl.write.1.tlog
f:\repos\wanderlust\debug\wanderlust.tlog\cl.command.1.tlog
f:\repos\wanderlust\debug\wanderlust.tlog\link.read.1.tlog
f:\repos\wanderlust\debug\wanderlust.tlog\link.write.1.tlog
f:\repos\wanderlust\debug\wanderlust.tlog\link.command.1.tlog
f:\repos\wanderlust\debug\wanderlust.tlog\wanderlust.write.1u.tlog
